2017-03-07 14:26:46,270 [1] U.Logging.ULog4netLogger - (null) - Loading UPrimes...
2017-03-07 14:26:46,745 [1] U.Logging.ULog4netLogger - (null) - Found 14 UPrimes in total.
2017-03-07 14:26:46,750 [1] U.Logging.ULog4netLogger - (null) - Loaded UPrime: UZeroMedia.UZeroMediaUPrime, UZeroMedia, Version=1.0.0.0, Culture=neutral, PublicKeyToken=null
2017-03-07 14:26:46,751 [1] U.Logging.ULog4netLogger - (null) - Loaded UPrime: UNote.Configuration.UNoteConfigurationUPrime, UNote.Configuration, Version=1.0.0.0, Culture=neutral, PublicKeyToken=null
2017-03-07 14:26:46,751 [1] U.Logging.ULog4netLogger - (null) - Loaded UPrime: UNote.UNoteCoreUPrime, UNote.Core, Version=1.0.0.0, Culture=neutral, PublicKeyToken=null
2017-03-07 14:26:46,752 [1] U.Logging.ULog4netLogger - (null) - Loaded UPrime: U.FakeMvc.UFakeMvcUPrime, U.FakeMvc, Version=0.4.2.0, Culture=neutral, PublicKeyToken=null
2017-03-07 14:26:46,752 [1] U.Logging.ULog4netLogger - (null) - Loaded UPrime: U.Hangfire.UHangfireUPrime, U.HangFire, Version=0.4.2.0, Culture=neutral, PublicKeyToken=null
2017-03-07 14:26:46,753 [1] U.Logging.ULog4netLogger - (null) - Loaded UPrime: U.Web.UWebUPrime, U.Web, Version=0.4.2.0, Culture=neutral, PublicKeyToken=null
2017-03-07 14:26:46,753 [1] U.Logging.ULog4netLogger - (null) - Loaded UPrime: U.ULeadershipUPrime, U, Version=0.4.2.0, Culture=neutral, PublicKeyToken=null
2017-03-07 14:26:46,754 [1] U.Logging.ULog4netLogger - (null) - Loaded UPrime: UNote.Web.Infrastructure.UNoteUPrime, UNote.Web, Version=1.0.0.0, Culture=neutral, PublicKeyToken=null
2017-03-07 14:26:46,755 [1] U.Logging.ULog4netLogger - (null) - Loaded UPrime: U.AutoMapper.UAutoMapperUPrime, U.AutoMapper, Version=0.4.2.0, Culture=neutral, PublicKeyToken=null
2017-03-07 14:26:46,755 [1] U.Logging.ULog4netLogger - (null) - Loaded UPrime: UNote.Services.UNoteServicesUPrime, UNote.Services, Version=1.0.0.0, Culture=neutral, PublicKeyToken=null
2017-03-07 14:26:46,756 [1] U.Logging.ULog4netLogger - (null) - Loaded UPrime: U.WebApi.UWebApiUPrime, U.Web.Api, Version=0.4.2.0, Culture=neutral, PublicKeyToken=null
2017-03-07 14:26:46,756 [1] U.Logging.ULog4netLogger - (null) - Loaded UPrime: UNote.EntityFramework.UNoteEntityFrameworkUPrime, UNote.EntityFramework, Version=1.0.0.0, Culture=neutral, PublicKeyToken=null
2017-03-07 14:26:46,757 [1] U.Logging.ULog4netLogger - (null) - Loaded UPrime: UZeroMedia.Client.UZeroMediaClientUPrime, UZeroMedia.Client, Version=1.0.0.0, Culture=neutral, PublicKeyToken=null
2017-03-07 14:26:46,757 [1] U.Logging.ULog4netLogger - (null) - Loaded UPrime: U.EntityFramework.UEntityFrameworkUPrime, U.EntityFramework, Version=0.4.2.0, Culture=neutral, PublicKeyToken=null
2017-03-07 14:26:46,761 [1] U.Logging.ULog4netLogger - (null) - 14 UPrime loaded.
2017-03-07 14:26:47,036 [1] Hangfire.SqlServer.SqlServerStorage - (null) - Start installing Hangfire SQL objects...
2017-03-07 14:26:47,216 [1] Hangfire.SqlServer.SqlServerStorage - (null) - Hangfire SQL objects installed.
2017-03-07 14:26:47,430 [1] U.Logging.ULog4netLogger - (null) - Start background worker£ºU.Hangfire.HangfireBackgroundJobManager
2017-03-07 14:26:47,438 [1] Hangfire.BackgroundJobServer - (null) - Starting Hangfire Server
2017-03-07 14:26:47,441 [1] Hangfire.BackgroundJobServer - (null) - Using job storage: 'SQL Server: 120.132.57.7,1444@UNote'.
2017-03-07 14:26:47,441 [1] Hangfire.BackgroundJobServer - (null) - Using the following options for SQL Server job storage:
2017-03-07 14:26:47,442 [1] Hangfire.BackgroundJobServer - (null) -     Queue poll interval: 00:00:15.
2017-03-07 14:26:47,442 [1] Hangfire.BackgroundJobServer - (null) - Using the following options for Hangfire Server:
2017-03-07 14:26:47,442 [1] Hangfire.BackgroundJobServer - (null) -     Worker count: 40.
2017-03-07 14:26:47,443 [1] Hangfire.BackgroundJobServer - (null) -     Listening queues: 'default'.
2017-03-07 14:26:47,443 [1] Hangfire.BackgroundJobServer - (null) -     Shutdown timeout: 00:00:15.
2017-03-07 14:26:47,444 [1] Hangfire.BackgroundJobServer - (null) -     Schedule polling interval: 00:00:15.
2017-03-07 14:26:47,451 [BackgroundProcessingServer] Hangfire.Server.BackgroundProcessingServer - (null) - Background process 'BackgroundProcessingServer' started.
2017-03-07 14:26:47,524 [ServerHeartbeat] Hangfire.Server.ServerHeartbeat - (null) - Background process 'ServerHeartbeat' started.
2017-03-07 14:26:47,525 [ServerWatchdog] Hangfire.Server.ServerWatchdog - (null) - Background process 'ServerWatchdog' started.
2017-03-07 14:26:47,527 [Hangfire.SqlServer.ExpirationManager] Hangfire.SqlServer.ExpirationManager - (null) - Background process 'Hangfire.SqlServer.ExpirationManager' started.
2017-03-07 14:26:47,527 [Hangfire.SqlServer.CountersAggregator] Hangfire.SqlServer.CountersAggregator - (null) - Background process 'Hangfire.SqlServer.CountersAggregator' started.
2017-03-07 14:26:47,529 [Hangfire.SqlServer.CountersAggregator] Hangfire.SqlServer.CountersAggregator - (null) - Aggregating records in 'Counter' table...
2017-03-07 14:26:47,530 [Hangfire.SqlServer.ExpirationManager] Hangfire.SqlServer.ExpirationManager - (null) - Removing outdated records from table 'AggregatedCounter'...
2017-03-07 14:26:47,530 [Worker #84f49746] Hangfire.Server.Worker - (null) - Background process 'Worker #84f49746' started.
2017-03-07 14:26:47,531 [Worker #5cdc8838] Hangfire.Server.Worker - (null) - Background process 'Worker #5cdc8838' started.
2017-03-07 14:26:47,534 [Worker #846138dc] Hangfire.Server.Worker - (null) - Background process 'Worker #846138dc' started.
2017-03-07 14:26:47,534 [Worker #394922dd] Hangfire.Server.Worker - (null) - Background process 'Worker #394922dd' started.
2017-03-07 14:26:47,535 [Worker #759c8b0c] Hangfire.Server.Worker - (null) - Background process 'Worker #759c8b0c' started.
2017-03-07 14:26:47,536 [Worker #73fbfe3f] Hangfire.Server.Worker - (null) - Background process 'Worker #73fbfe3f' started.
2017-03-07 14:26:47,536 [Worker #10eb9838] Hangfire.Server.Worker - (null) - Background process 'Worker #10eb9838' started.
2017-03-07 14:26:47,537 [Worker #962e1522] Hangfire.Server.Worker - (null) - Background process 'Worker #962e1522' started.
2017-03-07 14:26:47,538 [Worker #875a053e] Hangfire.Server.Worker - (null) - Background process 'Worker #875a053e' started.
2017-03-07 14:26:47,539 [Worker #bea0ef54] Hangfire.Server.Worker - (null) - Background process 'Worker #bea0ef54' started.
2017-03-07 14:26:47,540 [Worker #22c13d19] Hangfire.Server.Worker - (null) - Background process 'Worker #22c13d19' started.
2017-03-07 14:26:47,541 [Worker #b0d9d8e1] Hangfire.Server.Worker - (null) - Background process 'Worker #b0d9d8e1' started.
2017-03-07 14:26:47,542 [Worker #730cef23] Hangfire.Server.Worker - (null) - Background process 'Worker #730cef23' started.
2017-03-07 14:26:47,542 [Worker #c3a1dcbe] Hangfire.Server.Worker - (null) - Background process 'Worker #c3a1dcbe' started.
2017-03-07 14:26:47,543 [Worker #e7cded4c] Hangfire.Server.Worker - (null) - Background process 'Worker #e7cded4c' started.
2017-03-07 14:26:47,544 [Worker #9ab26146] Hangfire.Server.Worker - (null) - Background process 'Worker #9ab26146' started.
2017-03-07 14:26:47,545 [Worker #491f249b] Hangfire.Server.Worker - (null) - Background process 'Worker #491f249b' started.
2017-03-07 14:26:47,546 [Worker #34e7b960] Hangfire.Server.Worker - (null) - Background process 'Worker #34e7b960' started.
2017-03-07 14:26:47,546 [Worker #c6e4b5e7] Hangfire.Server.Worker - (null) - Background process 'Worker #c6e4b5e7' started.
2017-03-07 14:26:47,547 [Worker #c2f70848] Hangfire.Server.Worker - (null) - Background process 'Worker #c2f70848' started.
2017-03-07 14:26:47,549 [Worker #717aef21] Hangfire.Server.Worker - (null) - Background process 'Worker #717aef21' started.
2017-03-07 14:26:47,550 [Worker #7321c200] Hangfire.Server.Worker - (null) - Background process 'Worker #7321c200' started.
2017-03-07 14:26:47,551 [Worker #db15e519] Hangfire.Server.Worker - (null) - Background process 'Worker #db15e519' started.
2017-03-07 14:26:47,552 [Worker #0d7237b7] Hangfire.Server.Worker - (null) - Background process 'Worker #0d7237b7' started.
2017-03-07 14:26:47,554 [Worker #78d27bb3] Hangfire.Server.Worker - (null) - Background process 'Worker #78d27bb3' started.
2017-03-07 14:26:47,554 [Worker #cfcd6ff3] Hangfire.Server.Worker - (null) - Background process 'Worker #cfcd6ff3' started.
2017-03-07 14:26:47,555 [Worker #5ad1e8e8] Hangfire.Server.Worker - (null) - Background process 'Worker #5ad1e8e8' started.
2017-03-07 14:26:47,556 [Worker #731f25e6] Hangfire.Server.Worker - (null) - Background process 'Worker #731f25e6' started.
2017-03-07 14:26:47,556 [Worker #ba541923] Hangfire.Server.Worker - (null) - Background process 'Worker #ba541923' started.
2017-03-07 14:26:47,557 [Worker #fdb0b64d] Hangfire.Server.Worker - (null) - Background process 'Worker #fdb0b64d' started.
2017-03-07 14:26:47,557 [Worker #3c141c09] Hangfire.Server.Worker - (null) - Background process 'Worker #3c141c09' started.
2017-03-07 14:26:47,558 [Worker #c0c4b3e2] Hangfire.Server.Worker - (null) - Background process 'Worker #c0c4b3e2' started.
2017-03-07 14:26:47,559 [Worker #981fcfaa] Hangfire.Server.Worker - (null) - Background process 'Worker #981fcfaa' started.
2017-03-07 14:26:47,560 [Worker #db9fca45] Hangfire.Server.Worker - (null) - Background process 'Worker #db9fca45' started.
2017-03-07 14:26:47,561 [Worker #f56598dd] Hangfire.Server.Worker - (null) - Background process 'Worker #f56598dd' started.
2017-03-07 14:26:47,561 [Worker #1941ac46] Hangfire.Server.Worker - (null) - Background process 'Worker #1941ac46' started.
2017-03-07 14:26:47,562 [Worker #fd88cba3] Hangfire.Server.Worker - (null) - Background process 'Worker #fd88cba3' started.
2017-03-07 14:26:47,562 [Worker #359574b1] Hangfire.Server.Worker - (null) - Background process 'Worker #359574b1' started.
2017-03-07 14:26:47,563 [Worker #a2639663] Hangfire.Server.Worker - (null) - Background process 'Worker #a2639663' started.
2017-03-07 14:26:47,564 [Worker #47b565a6] Hangfire.Server.Worker - (null) - Background process 'Worker #47b565a6' started.
2017-03-07 14:26:47,564 [DelayedJobScheduler] Hangfire.Server.DelayedJobScheduler - (null) - Background process 'DelayedJobScheduler' started.
2017-03-07 14:26:47,565 [RecurringJobScheduler] Hangfire.Server.RecurringJobScheduler - (null) - Background process 'RecurringJobScheduler' started.
2017-03-07 14:26:47,756 [1] U.Logging.ULog4netLogger - (null) - Found 0 classes defines auto mapping attributes
2017-03-07 14:26:47,758 [1] U.Logging.ULog4netLogger - (null) - (^_^)(^_^)(^_^) UStarter startup completed.
2017-03-07 14:26:47,818 [ServerWatchdog] Hangfire.Server.ServerWatchdog - (null) - 1 servers were removed due to timeout
2017-03-07 14:26:47,872 [Hangfire.SqlServer.ExpirationManager] Hangfire.SqlServer.ExpirationManager - (null) - Removed 1 outdated record(s) from 'AggregatedCounter' table.
2017-03-07 14:26:48,965 [Hangfire.SqlServer.ExpirationManager] Hangfire.SqlServer.ExpirationManager - (null) - Removing outdated records from table 'Job'...
2017-03-07 14:26:49,063 [Hangfire.SqlServer.ExpirationManager] Hangfire.SqlServer.ExpirationManager - (null) - Removed 1 outdated record(s) from 'Job' table.
2017-03-07 14:26:50,155 [Hangfire.SqlServer.ExpirationManager] Hangfire.SqlServer.ExpirationManager - (null) - Removing outdated records from table 'List'...
2017-03-07 14:26:50,251 [Hangfire.SqlServer.ExpirationManager] Hangfire.SqlServer.ExpirationManager - (null) - Removing outdated records from table 'Set'...
2017-03-07 14:26:50,343 [Hangfire.SqlServer.ExpirationManager] Hangfire.SqlServer.ExpirationManager - (null) - Removing outdated records from table 'Hash'...
