2017-12-05 15:09:12,928 [1] U.Logging.ULog4netLogger - (null) - Loading UPrimes...
2017-12-05 15:09:13,362 [1] U.Logging.ULog4netLogger - (null) - Found 15 UPrimes in total.
2017-12-05 15:09:13,369 [1] U.Logging.ULog4netLogger - (null) - Loaded UPrime: UNote.EntityFramework.UNoteEntityFrameworkUPrime, UNote.EntityFramework, Version=1.0.0.0, Culture=neutral, PublicKeyToken=null
2017-12-05 15:09:13,369 [1] U.Logging.ULog4netLogger - (null) - Loaded UPrime: U.FakeMvc.UFakeMvcUPrime, U.FakeMvc, Version=0.5.10.7, Culture=neutral, PublicKeyToken=null
2017-12-05 15:09:13,370 [1] U.Logging.ULog4netLogger - (null) - Loaded UPrime: U.AutoMapper.UAutoMapperUPrime, U.AutoMapper, Version=0.5.10.7, Culture=neutral, PublicKeyToken=null
2017-12-05 15:09:13,371 [1] U.Logging.ULog4netLogger - (null) - Loaded UPrime: UNote.Configuration.UNoteConfigurationUPrime, UNote.Configuration, Version=1.0.0.0, Culture=neutral, PublicKeyToken=null
2017-12-05 15:09:13,372 [1] U.Logging.ULog4netLogger - (null) - Loaded UPrime: U.ULeadershipUPrime, U, Version=0.5.10.7, Culture=neutral, PublicKeyToken=null
2017-12-05 15:09:13,373 [1] U.Logging.ULog4netLogger - (null) - Loaded UPrime: UZeroMedia.UZeroMediaUPrime, UZeroMedia, Version=0.1.0.0, Culture=neutral, PublicKeyToken=null
2017-12-05 15:09:13,373 [1] U.Logging.ULog4netLogger - (null) - Loaded UPrime: UNote.Services.UNoteServicesUPrime, UNote.Services, Version=1.0.0.0, Culture=neutral, PublicKeyToken=null
2017-12-05 15:09:13,374 [1] U.Logging.ULog4netLogger - (null) - Loaded UPrime: U.Hangfire.UHangfireUPrime, U.HangFire, Version=0.5.10.7, Culture=neutral, PublicKeyToken=null
2017-12-05 15:09:13,375 [1] U.Logging.ULog4netLogger - (null) - Loaded UPrime: U.Web.UWebUPrime, U.Web, Version=0.5.10.7, Culture=neutral, PublicKeyToken=null
2017-12-05 15:09:13,375 [1] U.Logging.ULog4netLogger - (null) - Loaded UPrime: UZeroSDK.Weixin.UZeroSDKWeixinUPrime, UZeroSDK.Weixin, Version=0.2.2.0, Culture=neutral, PublicKeyToken=null
2017-12-05 15:09:13,376 [1] U.Logging.ULog4netLogger - (null) - Loaded UPrime: UZeroMedia.Client.UZeroMediaClientUPrime, UZeroMedia.Client, Version=0.1.0.0, Culture=neutral, PublicKeyToken=null
2017-12-05 15:09:13,377 [1] U.Logging.ULog4netLogger - (null) - Loaded UPrime: U.WebApi.UWebApiUPrime, U.Web.Api, Version=0.5.10.7, Culture=neutral, PublicKeyToken=null
2017-12-05 15:09:13,377 [1] U.Logging.ULog4netLogger - (null) - Loaded UPrime: UNote.UNoteCoreUPrime, UNote.Core, Version=1.0.0.0, Culture=neutral, PublicKeyToken=null
2017-12-05 15:09:13,378 [1] U.Logging.ULog4netLogger - (null) - Loaded UPrime: UNote.Web.Infrastructure.UNoteUPrime, UNote.Web, Version=1.0.0.0, Culture=neutral, PublicKeyToken=null
2017-12-05 15:09:13,379 [1] U.Logging.ULog4netLogger - (null) - Loaded UPrime: U.EntityFramework.UEntityFrameworkUPrime, U.EntityFramework, Version=0.5.10.7, Culture=neutral, PublicKeyToken=null
2017-12-05 15:09:13,382 [1] U.Logging.ULog4netLogger - (null) - 15 UPrime loaded.
2017-12-05 15:09:13,673 [1] Hangfire.SqlServer.SqlServerStorage - (null) - Start installing Hangfire SQL objects...
2017-12-05 15:09:13,947 [1] Hangfire.SqlServer.SqlServerStorage - (null) - Hangfire SQL objects installed.
2017-12-05 15:09:14,151 [1] U.Logging.ULog4netLogger - (null) - Start background worker£ºU.Hangfire.HangfireBackgroundJobManager
2017-12-05 15:09:14,158 [1] Hangfire.BackgroundJobServer - (null) - Starting Hangfire Server
2017-12-05 15:09:14,161 [1] Hangfire.BackgroundJobServer - (null) - Using job storage: 'SQL Server: 120.132.57.7,1444@UNote'.
2017-12-05 15:09:14,161 [1] Hangfire.BackgroundJobServer - (null) - Using the following options for SQL Server job storage:
2017-12-05 15:09:14,161 [1] Hangfire.BackgroundJobServer - (null) -     Queue poll interval: 00:00:15.
2017-12-05 15:09:14,162 [1] Hangfire.BackgroundJobServer - (null) - Using the following options for Hangfire Server:
2017-12-05 15:09:14,162 [1] Hangfire.BackgroundJobServer - (null) -     Worker count: 40.
2017-12-05 15:09:14,163 [1] Hangfire.BackgroundJobServer - (null) -     Listening queues: 'default'.
2017-12-05 15:09:14,163 [1] Hangfire.BackgroundJobServer - (null) -     Shutdown timeout: 00:00:15.
2017-12-05 15:09:14,164 [1] Hangfire.BackgroundJobServer - (null) -     Schedule polling interval: 00:00:15.
2017-12-05 15:09:14,171 [BackgroundProcessingServer] Hangfire.Server.BackgroundProcessingServer - (null) - Background process 'BackgroundProcessingServer' started.
2017-12-05 15:09:14,247 [ServerHeartbeat] Hangfire.Server.ServerHeartbeat - (null) - Background process 'ServerHeartbeat' started.
2017-12-05 15:09:14,249 [ServerWatchdog] Hangfire.Server.ServerWatchdog - (null) - Background process 'ServerWatchdog' started.
2017-12-05 15:09:14,253 [Hangfire.SqlServer.ExpirationManager] Hangfire.SqlServer.ExpirationManager - (null) - Background process 'Hangfire.SqlServer.ExpirationManager' started.
2017-12-05 15:09:14,255 [Hangfire.SqlServer.ExpirationManager] Hangfire.SqlServer.ExpirationManager - (null) - Removing outdated records from table 'AggregatedCounter'...
2017-12-05 15:09:14,256 [Hangfire.SqlServer.CountersAggregator] Hangfire.SqlServer.CountersAggregator - (null) - Background process 'Hangfire.SqlServer.CountersAggregator' started.
2017-12-05 15:09:14,257 [Hangfire.SqlServer.CountersAggregator] Hangfire.SqlServer.CountersAggregator - (null) - Aggregating records in 'Counter' table...
2017-12-05 15:09:14,258 [Worker #ebc1e57b] Hangfire.Server.Worker - (null) - Background process 'Worker #ebc1e57b' started.
2017-12-05 15:09:14,263 [Worker #0ceb4e95] Hangfire.Server.Worker - (null) - Background process 'Worker #0ceb4e95' started.
2017-12-05 15:09:14,264 [Worker #ed8acd8c] Hangfire.Server.Worker - (null) - Background process 'Worker #ed8acd8c' started.
2017-12-05 15:09:14,265 [Worker #a2787275] Hangfire.Server.Worker - (null) - Background process 'Worker #a2787275' started.
2017-12-05 15:09:14,266 [Worker #4ea094d6] Hangfire.Server.Worker - (null) - Background process 'Worker #4ea094d6' started.
2017-12-05 15:09:14,267 [Worker #d5a82aa6] Hangfire.Server.Worker - (null) - Background process 'Worker #d5a82aa6' started.
2017-12-05 15:09:14,268 [Worker #6ee1c9cd] Hangfire.Server.Worker - (null) - Background process 'Worker #6ee1c9cd' started.
2017-12-05 15:09:14,269 [Worker #01a86df7] Hangfire.Server.Worker - (null) - Background process 'Worker #01a86df7' started.
2017-12-05 15:09:14,270 [Worker #6ce6952f] Hangfire.Server.Worker - (null) - Background process 'Worker #6ce6952f' started.
2017-12-05 15:09:14,271 [Worker #0ec744e5] Hangfire.Server.Worker - (null) - Background process 'Worker #0ec744e5' started.
2017-12-05 15:09:14,272 [Worker #8c5a942c] Hangfire.Server.Worker - (null) - Background process 'Worker #8c5a942c' started.
2017-12-05 15:09:14,274 [Worker #3cc45862] Hangfire.Server.Worker - (null) - Background process 'Worker #3cc45862' started.
2017-12-05 15:09:14,276 [Worker #59355c10] Hangfire.Server.Worker - (null) - Background process 'Worker #59355c10' started.
2017-12-05 15:09:14,277 [Worker #1589b986] Hangfire.Server.Worker - (null) - Background process 'Worker #1589b986' started.
2017-12-05 15:09:14,278 [Worker #23efd5fe] Hangfire.Server.Worker - (null) - Background process 'Worker #23efd5fe' started.
2017-12-05 15:09:14,279 [Worker #a763bf6e] Hangfire.Server.Worker - (null) - Background process 'Worker #a763bf6e' started.
2017-12-05 15:09:14,280 [Worker #f6d8ddba] Hangfire.Server.Worker - (null) - Background process 'Worker #f6d8ddba' started.
2017-12-05 15:09:14,284 [Worker #352731b4] Hangfire.Server.Worker - (null) - Background process 'Worker #352731b4' started.
2017-12-05 15:09:14,283 [Worker #34b33e57] Hangfire.Server.Worker - (null) - Background process 'Worker #34b33e57' started.
2017-12-05 15:09:14,294 [Worker #2989e612] Hangfire.Server.Worker - (null) - Background process 'Worker #2989e612' started.
2017-12-05 15:09:14,295 [Worker #50410851] Hangfire.Server.Worker - (null) - Background process 'Worker #50410851' started.
2017-12-05 15:09:14,297 [Worker #b2aeb069] Hangfire.Server.Worker - (null) - Background process 'Worker #b2aeb069' started.
2017-12-05 15:09:14,298 [Worker #c35ab677] Hangfire.Server.Worker - (null) - Background process 'Worker #c35ab677' started.
2017-12-05 15:09:14,299 [Worker #a8873c37] Hangfire.Server.Worker - (null) - Background process 'Worker #a8873c37' started.
2017-12-05 15:09:14,300 [Worker #9fe6cdb1] Hangfire.Server.Worker - (null) - Background process 'Worker #9fe6cdb1' started.
2017-12-05 15:09:14,301 [Worker #3fd1e9a2] Hangfire.Server.Worker - (null) - Background process 'Worker #3fd1e9a2' started.
2017-12-05 15:09:14,301 [Worker #f79e94a7] Hangfire.Server.Worker - (null) - Background process 'Worker #f79e94a7' started.
2017-12-05 15:09:14,301 [Worker #992e1bae] Hangfire.Server.Worker - (null) - Background process 'Worker #992e1bae' started.
2017-12-05 15:09:14,302 [Worker #4ec4fd72] Hangfire.Server.Worker - (null) - Background process 'Worker #4ec4fd72' started.
2017-12-05 15:09:14,303 [Worker #4f4af050] Hangfire.Server.Worker - (null) - Background process 'Worker #4f4af050' started.
2017-12-05 15:09:14,304 [Worker #fbd69529] Hangfire.Server.Worker - (null) - Background process 'Worker #fbd69529' started.
2017-12-05 15:09:14,304 [Worker #f4b89981] Hangfire.Server.Worker - (null) - Background process 'Worker #f4b89981' started.
2017-12-05 15:09:14,306 [Worker #2470efb6] Hangfire.Server.Worker - (null) - Background process 'Worker #2470efb6' started.
2017-12-05 15:09:14,306 [Worker #3792e47b] Hangfire.Server.Worker - (null) - Background process 'Worker #3792e47b' started.
2017-12-05 15:09:14,307 [Worker #090cc7d3] Hangfire.Server.Worker - (null) - Background process 'Worker #090cc7d3' started.
2017-12-05 15:09:14,307 [Worker #1097dd2c] Hangfire.Server.Worker - (null) - Background process 'Worker #1097dd2c' started.
2017-12-05 15:09:14,308 [Worker #867a31de] Hangfire.Server.Worker - (null) - Background process 'Worker #867a31de' started.
2017-12-05 15:09:14,308 [Worker #383038c8] Hangfire.Server.Worker - (null) - Background process 'Worker #383038c8' started.
2017-12-05 15:09:14,305 [Worker #5e276977] Hangfire.Server.Worker - (null) - Background process 'Worker #5e276977' started.
2017-12-05 15:09:14,310 [Worker #1fc1bc53] Hangfire.Server.Worker - (null) - Background process 'Worker #1fc1bc53' started.
2017-12-05 15:09:14,311 [RecurringJobScheduler] Hangfire.Server.RecurringJobScheduler - (null) - Background process 'RecurringJobScheduler' started.
2017-12-05 15:09:14,311 [DelayedJobScheduler] Hangfire.Server.DelayedJobScheduler - (null) - Background process 'DelayedJobScheduler' started.
2017-12-05 15:09:14,394 [Hangfire.SqlServer.ExpirationManager] Hangfire.SqlServer.ExpirationManager - (null) - Removing outdated records from table 'Job'...
2017-12-05 15:09:14,399 [ServerWatchdog] Hangfire.Server.ServerWatchdog - (null) - 1 servers were removed due to timeout
2017-12-05 15:09:14,501 [1] U.Logging.ULog4netLogger - (null) - Found 0 classes defines auto mapping attributes
2017-12-05 15:09:14,502 [1] U.Logging.ULog4netLogger - (null) - (^_^)(^_^)(^_^) UStarter startup completed.
2017-12-05 15:09:15,351 [Hangfire.SqlServer.ExpirationManager] Hangfire.SqlServer.ExpirationManager - (null) - Removing outdated records from table 'List'...
2017-12-05 15:09:15,489 [Hangfire.SqlServer.ExpirationManager] Hangfire.SqlServer.ExpirationManager - (null) - Removing outdated records from table 'Set'...
2017-12-05 15:09:15,577 [Hangfire.SqlServer.ExpirationManager] Hangfire.SqlServer.ExpirationManager - (null) - Removing outdated records from table 'Hash'...
