2017-02-24 09:58:35,894 [1] U.Logging.ULog4netLogger - (null) - Loading UPrimes...
2017-02-24 09:58:36,982 [1] U.Logging.ULog4netLogger - (null) - Found 13 UPrimes in total.
2017-02-24 09:58:36,987 [1] U.Logging.ULog4netLogger - (null) - Loaded UPrime: UNote.Configuration.UNoteConfigurationUPrime, UNote.Configuration, Version=1.0.0.0, Culture=neutral, PublicKeyToken=null
2017-02-24 09:58:36,988 [1] U.Logging.ULog4netLogger - (null) - Loaded UPrime: U.ULeadershipUPrime, U, Version=0.4.2.0, Culture=neutral, PublicKeyToken=null
2017-02-24 09:58:36,988 [1] U.Logging.ULog4netLogger - (null) - Loaded UPrime: U.EntityFramework.UEntityFrameworkUPrime, U.EntityFramework, Version=0.4.2.0, Culture=neutral, PublicKeyToken=null
2017-02-24 09:58:36,989 [1] U.Logging.ULog4netLogger - (null) - Loaded UPrime: U.AutoMapper.UAutoMapperUPrime, U.AutoMapper, Version=0.4.2.0, Culture=neutral, PublicKeyToken=null
2017-02-24 09:58:36,989 [1] U.Logging.ULog4netLogger - (null) - Loaded UPrime: UNote.UNoteCoreUPrime, UNote.Core, Version=1.0.0.0, Culture=neutral, PublicKeyToken=null
2017-02-24 09:58:36,990 [1] U.Logging.ULog4netLogger - (null) - Loaded UPrime: UZeroMedia.UZeroMediaUPrime, UZeroMedia, Version=1.0.0.0, Culture=neutral, PublicKeyToken=null
2017-02-24 09:58:36,990 [1] U.Logging.ULog4netLogger - (null) - Loaded UPrime: UNote.Web.Infrastructure.UNoteUPrime, UNote.Web, Version=1.0.0.0, Culture=neutral, PublicKeyToken=null
2017-02-24 09:58:36,991 [1] U.Logging.ULog4netLogger - (null) - Loaded UPrime: UZeroMedia.Client.UZeroMediaClientUPrime, UZeroMedia.Client, Version=1.0.0.0, Culture=neutral, PublicKeyToken=null
2017-02-24 09:58:36,992 [1] U.Logging.ULog4netLogger - (null) - Loaded UPrime: UNote.Services.UNoteServicesUPrime, UNote.Services, Version=1.0.0.0, Culture=neutral, PublicKeyToken=null
2017-02-24 09:58:36,992 [1] U.Logging.ULog4netLogger - (null) - Loaded UPrime: U.Web.UWebUPrime, U.Web, Version=0.4.2.0, Culture=neutral, PublicKeyToken=null
2017-02-24 09:58:36,993 [1] U.Logging.ULog4netLogger - (null) - Loaded UPrime: UNote.EntityFramework.UNoteEntityFrameworkUPrime, UNote.EntityFramework, Version=1.0.0.0, Culture=neutral, PublicKeyToken=null
2017-02-24 09:58:36,993 [1] U.Logging.ULog4netLogger - (null) - Loaded UPrime: U.Hangfire.UHangfireUPrime, U.HangFire, Version=0.4.2.0, Culture=neutral, PublicKeyToken=null
2017-02-24 09:58:36,994 [1] U.Logging.ULog4netLogger - (null) - Loaded UPrime: U.WebApi.UWebApiUPrime, U.Web.Api, Version=0.4.2.0, Culture=neutral, PublicKeyToken=null
2017-02-24 09:58:36,996 [1] U.Logging.ULog4netLogger - (null) - 13 UPrime loaded.
2017-02-24 09:58:37,321 [1] Hangfire.SqlServer.SqlServerStorage - (null) - Start installing Hangfire SQL objects...
2017-02-24 09:58:37,504 [1] Hangfire.SqlServer.SqlServerStorage - (null) - Hangfire SQL objects installed.
2017-02-24 09:58:37,741 [1] U.Logging.ULog4netLogger - (null) - Start background worker£ºU.Hangfire.HangfireBackgroundJobManager
2017-02-24 09:58:37,750 [1] Hangfire.BackgroundJobServer - (null) - Starting Hangfire Server
2017-02-24 09:58:37,752 [1] Hangfire.BackgroundJobServer - (null) - Using job storage: 'SQL Server: 120.132.57.7,1444@UNote'.
2017-02-24 09:58:37,753 [1] Hangfire.BackgroundJobServer - (null) - Using the following options for SQL Server job storage:
2017-02-24 09:58:37,753 [1] Hangfire.BackgroundJobServer - (null) -     Queue poll interval: 00:00:15.
2017-02-24 09:58:37,753 [1] Hangfire.BackgroundJobServer - (null) - Using the following options for Hangfire Server:
2017-02-24 09:58:37,754 [1] Hangfire.BackgroundJobServer - (null) -     Worker count: 40.
2017-02-24 09:58:37,754 [1] Hangfire.BackgroundJobServer - (null) -     Listening queues: 'default'.
2017-02-24 09:58:37,754 [1] Hangfire.BackgroundJobServer - (null) -     Shutdown timeout: 00:00:15.
2017-02-24 09:58:37,755 [1] Hangfire.BackgroundJobServer - (null) -     Schedule polling interval: 00:00:15.
2017-02-24 09:58:37,761 [BackgroundProcessingServer] Hangfire.Server.BackgroundProcessingServer - (null) - Background process 'BackgroundProcessingServer' started.
2017-02-24 09:58:37,832 [ServerHeartbeat] Hangfire.Server.ServerHeartbeat - (null) - Background process 'ServerHeartbeat' started.
2017-02-24 09:58:37,832 [ServerWatchdog] Hangfire.Server.ServerWatchdog - (null) - Background process 'ServerWatchdog' started.
2017-02-24 09:58:37,834 [Hangfire.SqlServer.ExpirationManager] Hangfire.SqlServer.ExpirationManager - (null) - Background process 'Hangfire.SqlServer.ExpirationManager' started.
2017-02-24 09:58:37,835 [Hangfire.SqlServer.CountersAggregator] Hangfire.SqlServer.CountersAggregator - (null) - Background process 'Hangfire.SqlServer.CountersAggregator' started.
2017-02-24 09:58:37,836 [Hangfire.SqlServer.CountersAggregator] Hangfire.SqlServer.CountersAggregator - (null) - Aggregating records in 'Counter' table...
2017-02-24 09:58:37,836 [Hangfire.SqlServer.ExpirationManager] Hangfire.SqlServer.ExpirationManager - (null) - Removing outdated records from table 'AggregatedCounter'...
2017-02-24 09:58:37,836 [Worker #532a8c06] Hangfire.Server.Worker - (null) - Background process 'Worker #532a8c06' started.
2017-02-24 09:58:37,837 [Worker #fae1923e] Hangfire.Server.Worker - (null) - Background process 'Worker #fae1923e' started.
2017-02-24 09:58:37,842 [Worker #e6aa034c] Hangfire.Server.Worker - (null) - Background process 'Worker #e6aa034c' started.
2017-02-24 09:58:37,842 [Worker #b29b1585] Hangfire.Server.Worker - (null) - Background process 'Worker #b29b1585' started.
2017-02-24 09:58:37,843 [Worker #22c19695] Hangfire.Server.Worker - (null) - Background process 'Worker #22c19695' started.
2017-02-24 09:58:37,843 [Worker #f187d2e5] Hangfire.Server.Worker - (null) - Background process 'Worker #f187d2e5' started.
2017-02-24 09:58:37,844 [Worker #a453fee9] Hangfire.Server.Worker - (null) - Background process 'Worker #a453fee9' started.
2017-02-24 09:58:37,845 [Worker #aa6a0cc4] Hangfire.Server.Worker - (null) - Background process 'Worker #aa6a0cc4' started.
2017-02-24 09:58:37,845 [Worker #36c67b53] Hangfire.Server.Worker - (null) - Background process 'Worker #36c67b53' started.
2017-02-24 09:58:37,846 [Worker #cdaa6bc7] Hangfire.Server.Worker - (null) - Background process 'Worker #cdaa6bc7' started.
2017-02-24 09:58:37,846 [Worker #5c029101] Hangfire.Server.Worker - (null) - Background process 'Worker #5c029101' started.
2017-02-24 09:58:37,847 [Worker #d4202d9f] Hangfire.Server.Worker - (null) - Background process 'Worker #d4202d9f' started.
2017-02-24 09:58:37,847 [Worker #b9542453] Hangfire.Server.Worker - (null) - Background process 'Worker #b9542453' started.
2017-02-24 09:58:37,848 [Worker #282ed9c6] Hangfire.Server.Worker - (null) - Background process 'Worker #282ed9c6' started.
2017-02-24 09:58:37,848 [Worker #7398d517] Hangfire.Server.Worker - (null) - Background process 'Worker #7398d517' started.
2017-02-24 09:58:37,849 [Worker #b1d1db5b] Hangfire.Server.Worker - (null) - Background process 'Worker #b1d1db5b' started.
2017-02-24 09:58:37,849 [Worker #c3161554] Hangfire.Server.Worker - (null) - Background process 'Worker #c3161554' started.
2017-02-24 09:58:37,850 [Worker #ef051f56] Hangfire.Server.Worker - (null) - Background process 'Worker #ef051f56' started.
2017-02-24 09:58:37,850 [Worker #1ea68836] Hangfire.Server.Worker - (null) - Background process 'Worker #1ea68836' started.
2017-02-24 09:58:37,851 [Worker #b015fafc] Hangfire.Server.Worker - (null) - Background process 'Worker #b015fafc' started.
2017-02-24 09:58:37,851 [Worker #9df8e614] Hangfire.Server.Worker - (null) - Background process 'Worker #9df8e614' started.
2017-02-24 09:58:37,852 [Worker #fe13c5b7] Hangfire.Server.Worker - (null) - Background process 'Worker #fe13c5b7' started.
2017-02-24 09:58:37,852 [Worker #ce4aedf5] Hangfire.Server.Worker - (null) - Background process 'Worker #ce4aedf5' started.
2017-02-24 09:58:37,853 [Worker #256d3228] Hangfire.Server.Worker - (null) - Background process 'Worker #256d3228' started.
2017-02-24 09:58:37,854 [Worker #9d333b0a] Hangfire.Server.Worker - (null) - Background process 'Worker #9d333b0a' started.
2017-02-24 09:58:37,856 [Worker #2daf51cb] Hangfire.Server.Worker - (null) - Background process 'Worker #2daf51cb' started.
2017-02-24 09:58:37,857 [Worker #c3092d0f] Hangfire.Server.Worker - (null) - Background process 'Worker #c3092d0f' started.
2017-02-24 09:58:37,857 [Worker #4eb0382d] Hangfire.Server.Worker - (null) - Background process 'Worker #4eb0382d' started.
2017-02-24 09:58:37,858 [Worker #faff272a] Hangfire.Server.Worker - (null) - Background process 'Worker #faff272a' started.
2017-02-24 09:58:37,858 [Worker #32b2d33b] Hangfire.Server.Worker - (null) - Background process 'Worker #32b2d33b' started.
2017-02-24 09:58:37,859 [Worker #66fc9053] Hangfire.Server.Worker - (null) - Background process 'Worker #66fc9053' started.
2017-02-24 09:58:37,859 [Worker #555e9b0c] Hangfire.Server.Worker - (null) - Background process 'Worker #555e9b0c' started.
2017-02-24 09:58:37,860 [Worker #ac192493] Hangfire.Server.Worker - (null) - Background process 'Worker #ac192493' started.
2017-02-24 09:58:37,861 [Worker #0667d8d6] Hangfire.Server.Worker - (null) - Background process 'Worker #0667d8d6' started.
2017-02-24 09:58:37,861 [Worker #9b4c640b] Hangfire.Server.Worker - (null) - Background process 'Worker #9b4c640b' started.
2017-02-24 09:58:37,862 [Worker #776747ff] Hangfire.Server.Worker - (null) - Background process 'Worker #776747ff' started.
2017-02-24 09:58:37,862 [Worker #aac7c2f5] Hangfire.Server.Worker - (null) - Background process 'Worker #aac7c2f5' started.
2017-02-24 09:58:37,862 [Worker #ec88ad6b] Hangfire.Server.Worker - (null) - Background process 'Worker #ec88ad6b' started.
2017-02-24 09:58:37,863 [Worker #6be0e00e] Hangfire.Server.Worker - (null) - Background process 'Worker #6be0e00e' started.
2017-02-24 09:58:37,864 [Worker #cfb87871] Hangfire.Server.Worker - (null) - Background process 'Worker #cfb87871' started.
2017-02-24 09:58:37,864 [DelayedJobScheduler] Hangfire.Server.DelayedJobScheduler - (null) - Background process 'DelayedJobScheduler' started.
2017-02-24 09:58:37,865 [RecurringJobScheduler] Hangfire.Server.RecurringJobScheduler - (null) - Background process 'RecurringJobScheduler' started.
2017-02-24 09:58:37,984 [ServerWatchdog] Hangfire.Server.ServerWatchdog - (null) - 1 servers were removed due to timeout
2017-02-24 09:58:38,001 [Hangfire.SqlServer.ExpirationManager] Hangfire.SqlServer.ExpirationManager - (null) - Removing outdated records from table 'Job'...
2017-02-24 09:58:38,056 [1] U.Logging.ULog4netLogger - (null) - Found 0 classes defines auto mapping attributes
2017-02-24 09:58:38,057 [1] U.Logging.ULog4netLogger - (null) - (^_^)(^_^)(^_^) UStarter startup completed.
2017-02-24 09:58:38,800 [Hangfire.SqlServer.ExpirationManager] Hangfire.SqlServer.ExpirationManager - (null) - Removing outdated records from table 'List'...
2017-02-24 09:58:38,886 [Hangfire.SqlServer.ExpirationManager] Hangfire.SqlServer.ExpirationManager - (null) - Removing outdated records from table 'Set'...
2017-02-24 09:58:38,978 [Hangfire.SqlServer.ExpirationManager] Hangfire.SqlServer.ExpirationManager - (null) - Removing outdated records from table 'Hash'...
