2017-05-27 15:36:43,488 [1] U.Logging.ULog4netLogger - (null) - Loading UPrimes...
2017-05-27 15:36:43,964 [1] U.Logging.ULog4netLogger - (null) - Found 15 UPrimes in total.
2017-05-27 15:36:43,970 [1] U.Logging.ULog4netLogger - (null) - Loaded UPrime: U.Web.UWebUPrime, U.Web, Version=0.5.3.2, Culture=neutral, PublicKeyToken=null
2017-05-27 15:36:43,971 [1] U.Logging.ULog4netLogger - (null) - Loaded UPrime: UZeroSDK.Weixin.UZeroSDKWeixinUPrime, UZeroSDK.Weixin, Version=0.2.2.0, Culture=neutral, PublicKeyToken=null
2017-05-27 15:36:43,972 [1] U.Logging.ULog4netLogger - (null) - Loaded UPrime: U.ULeadershipUPrime, U, Version=0.5.3.2, Culture=neutral, PublicKeyToken=null
2017-05-27 15:36:43,972 [1] U.Logging.ULog4netLogger - (null) - Loaded UPrime: U.Hangfire.UHangfireUPrime, U.HangFire, Version=0.5.3.2, Culture=neutral, PublicKeyToken=null
2017-05-27 15:36:43,973 [1] U.Logging.ULog4netLogger - (null) - Loaded UPrime: U.EntityFramework.UEntityFrameworkUPrime, U.EntityFramework, Version=0.5.3.2, Culture=neutral, PublicKeyToken=null
2017-05-27 15:36:43,974 [1] U.Logging.ULog4netLogger - (null) - Loaded UPrime: UNote.EntityFramework.UNoteEntityFrameworkUPrime, UNote.EntityFramework, Version=1.0.0.0, Culture=neutral, PublicKeyToken=null
2017-05-27 15:36:43,974 [1] U.Logging.ULog4netLogger - (null) - Loaded UPrime: UNote.Services.UNoteServicesUPrime, UNote.Services, Version=1.0.0.0, Culture=neutral, PublicKeyToken=null
2017-05-27 15:36:43,975 [1] U.Logging.ULog4netLogger - (null) - Loaded UPrime: U.FakeMvc.UFakeMvcUPrime, U.FakeMvc, Version=0.5.3.2, Culture=neutral, PublicKeyToken=null
2017-05-27 15:36:43,976 [1] U.Logging.ULog4netLogger - (null) - Loaded UPrime: UNote.UNoteCoreUPrime, UNote.Core, Version=1.0.0.0, Culture=neutral, PublicKeyToken=null
2017-05-27 15:36:43,976 [1] U.Logging.ULog4netLogger - (null) - Loaded UPrime: U.WebApi.UWebApiUPrime, U.Web.Api, Version=0.5.3.2, Culture=neutral, PublicKeyToken=null
2017-05-27 15:36:43,977 [1] U.Logging.ULog4netLogger - (null) - Loaded UPrime: U.AutoMapper.UAutoMapperUPrime, U.AutoMapper, Version=0.5.3.2, Culture=neutral, PublicKeyToken=null
2017-05-27 15:36:43,978 [1] U.Logging.ULog4netLogger - (null) - Loaded UPrime: UZeroMedia.UZeroMediaUPrime, UZeroMedia, Version=0.1.0.0, Culture=neutral, PublicKeyToken=null
2017-05-27 15:36:43,978 [1] U.Logging.ULog4netLogger - (null) - Loaded UPrime: UZeroMedia.Client.UZeroMediaClientUPrime, UZeroMedia.Client, Version=0.1.0.0, Culture=neutral, PublicKeyToken=null
2017-05-27 15:36:43,979 [1] U.Logging.ULog4netLogger - (null) - Loaded UPrime: UNote.Configuration.UNoteConfigurationUPrime, UNote.Configuration, Version=1.0.0.0, Culture=neutral, PublicKeyToken=null
2017-05-27 15:36:43,980 [1] U.Logging.ULog4netLogger - (null) - Loaded UPrime: UNote.Web.Infrastructure.UNoteUPrime, UNote.Web, Version=1.0.0.0, Culture=neutral, PublicKeyToken=null
2017-05-27 15:36:43,983 [1] U.Logging.ULog4netLogger - (null) - 15 UPrime loaded.
2017-05-27 15:36:44,269 [1] Hangfire.SqlServer.SqlServerStorage - (null) - Start installing Hangfire SQL objects...
2017-05-27 15:36:44,580 [1] Hangfire.SqlServer.SqlServerStorage - (null) - Hangfire SQL objects installed.
2017-05-27 15:36:44,808 [1] U.Logging.ULog4netLogger - (null) - Start background worker£ºU.Hangfire.HangfireBackgroundJobManager
2017-05-27 15:36:44,815 [1] Hangfire.BackgroundJobServer - (null) - Starting Hangfire Server
2017-05-27 15:36:44,817 [1] Hangfire.BackgroundJobServer - (null) - Using job storage: 'SQL Server: 120.132.57.7,1444@UNote'.
2017-05-27 15:36:44,818 [1] Hangfire.BackgroundJobServer - (null) - Using the following options for SQL Server job storage:
2017-05-27 15:36:44,818 [1] Hangfire.BackgroundJobServer - (null) -     Queue poll interval: 00:00:15.
2017-05-27 15:36:44,819 [1] Hangfire.BackgroundJobServer - (null) - Using the following options for Hangfire Server:
2017-05-27 15:36:44,819 [1] Hangfire.BackgroundJobServer - (null) -     Worker count: 40.
2017-05-27 15:36:44,819 [1] Hangfire.BackgroundJobServer - (null) -     Listening queues: 'default'.
2017-05-27 15:36:44,820 [1] Hangfire.BackgroundJobServer - (null) -     Shutdown timeout: 00:00:15.
2017-05-27 15:36:44,820 [1] Hangfire.BackgroundJobServer - (null) -     Schedule polling interval: 00:00:15.
2017-05-27 15:36:44,827 [BackgroundProcessingServer] Hangfire.Server.BackgroundProcessingServer - (null) - Background process 'BackgroundProcessingServer' started.
2017-05-27 15:36:44,902 [ServerHeartbeat] Hangfire.Server.ServerHeartbeat - (null) - Background process 'ServerHeartbeat' started.
2017-05-27 15:36:44,903 [ServerWatchdog] Hangfire.Server.ServerWatchdog - (null) - Background process 'ServerWatchdog' started.
2017-05-27 15:36:44,904 [Hangfire.SqlServer.ExpirationManager] Hangfire.SqlServer.ExpirationManager - (null) - Background process 'Hangfire.SqlServer.ExpirationManager' started.
2017-05-27 15:36:44,905 [Hangfire.SqlServer.CountersAggregator] Hangfire.SqlServer.CountersAggregator - (null) - Background process 'Hangfire.SqlServer.CountersAggregator' started.
2017-05-27 15:36:44,906 [Hangfire.SqlServer.ExpirationManager] Hangfire.SqlServer.ExpirationManager - (null) - Removing outdated records from table 'AggregatedCounter'...
2017-05-27 15:36:44,907 [Worker #be25f085] Hangfire.Server.Worker - (null) - Background process 'Worker #be25f085' started.
2017-05-27 15:36:44,907 [Hangfire.SqlServer.CountersAggregator] Hangfire.SqlServer.CountersAggregator - (null) - Aggregating records in 'Counter' table...
2017-05-27 15:36:44,910 [Worker #2e3512e2] Hangfire.Server.Worker - (null) - Background process 'Worker #2e3512e2' started.
2017-05-27 15:36:44,911 [Worker #4f3757e8] Hangfire.Server.Worker - (null) - Background process 'Worker #4f3757e8' started.
2017-05-27 15:36:44,911 [Worker #178b2ff0] Hangfire.Server.Worker - (null) - Background process 'Worker #178b2ff0' started.
2017-05-27 15:36:44,912 [Worker #d6601c62] Hangfire.Server.Worker - (null) - Background process 'Worker #d6601c62' started.
2017-05-27 15:36:44,913 [Worker #23fad0e2] Hangfire.Server.Worker - (null) - Background process 'Worker #23fad0e2' started.
2017-05-27 15:36:44,914 [Worker #1eedee2a] Hangfire.Server.Worker - (null) - Background process 'Worker #1eedee2a' started.
2017-05-27 15:36:44,915 [Worker #a9cb8c25] Hangfire.Server.Worker - (null) - Background process 'Worker #a9cb8c25' started.
2017-05-27 15:36:44,916 [Worker #42770674] Hangfire.Server.Worker - (null) - Background process 'Worker #42770674' started.
2017-05-27 15:36:44,917 [Worker #df55ecea] Hangfire.Server.Worker - (null) - Background process 'Worker #df55ecea' started.
2017-05-27 15:36:44,917 [Worker #38a23967] Hangfire.Server.Worker - (null) - Background process 'Worker #38a23967' started.
2017-05-27 15:36:44,917 [Worker #fd305e07] Hangfire.Server.Worker - (null) - Background process 'Worker #fd305e07' started.
2017-05-27 15:36:44,918 [Worker #0d5c4def] Hangfire.Server.Worker - (null) - Background process 'Worker #0d5c4def' started.
2017-05-27 15:36:44,918 [Worker #d7ee6dff] Hangfire.Server.Worker - (null) - Background process 'Worker #d7ee6dff' started.
2017-05-27 15:36:44,918 [Worker #46607b73] Hangfire.Server.Worker - (null) - Background process 'Worker #46607b73' started.
2017-05-27 15:36:44,919 [Worker #0c4d2896] Hangfire.Server.Worker - (null) - Background process 'Worker #0c4d2896' started.
2017-05-27 15:36:44,919 [Worker #09be719e] Hangfire.Server.Worker - (null) - Background process 'Worker #09be719e' started.
2017-05-27 15:36:44,920 [Worker #93c4f3b8] Hangfire.Server.Worker - (null) - Background process 'Worker #93c4f3b8' started.
2017-05-27 15:36:44,920 [Worker #7b25924a] Hangfire.Server.Worker - (null) - Background process 'Worker #7b25924a' started.
2017-05-27 15:36:44,921 [Worker #fd071ff5] Hangfire.Server.Worker - (null) - Background process 'Worker #fd071ff5' started.
2017-05-27 15:36:44,921 [Worker #2c54885b] Hangfire.Server.Worker - (null) - Background process 'Worker #2c54885b' started.
2017-05-27 15:36:44,921 [Worker #b37bead1] Hangfire.Server.Worker - (null) - Background process 'Worker #b37bead1' started.
2017-05-27 15:36:44,922 [Worker #2b02a609] Hangfire.Server.Worker - (null) - Background process 'Worker #2b02a609' started.
2017-05-27 15:36:44,922 [Worker #c61ca26a] Hangfire.Server.Worker - (null) - Background process 'Worker #c61ca26a' started.
2017-05-27 15:36:44,923 [Worker #e7d7d117] Hangfire.Server.Worker - (null) - Background process 'Worker #e7d7d117' started.
2017-05-27 15:36:44,923 [Worker #6b33a5a4] Hangfire.Server.Worker - (null) - Background process 'Worker #6b33a5a4' started.
2017-05-27 15:36:44,924 [Worker #832d4e39] Hangfire.Server.Worker - (null) - Background process 'Worker #832d4e39' started.
2017-05-27 15:36:44,925 [Worker #00ee0f69] Hangfire.Server.Worker - (null) - Background process 'Worker #00ee0f69' started.
2017-05-27 15:36:44,925 [Worker #407ce412] Hangfire.Server.Worker - (null) - Background process 'Worker #407ce412' started.
2017-05-27 15:36:44,926 [Worker #be490881] Hangfire.Server.Worker - (null) - Background process 'Worker #be490881' started.
2017-05-27 15:36:44,926 [Worker #f79726fd] Hangfire.Server.Worker - (null) - Background process 'Worker #f79726fd' started.
2017-05-27 15:36:44,927 [Worker #219a8aa8] Hangfire.Server.Worker - (null) - Background process 'Worker #219a8aa8' started.
2017-05-27 15:36:44,928 [Worker #1e4020b9] Hangfire.Server.Worker - (null) - Background process 'Worker #1e4020b9' started.
2017-05-27 15:36:44,929 [Worker #78cb5321] Hangfire.Server.Worker - (null) - Background process 'Worker #78cb5321' started.
2017-05-27 15:36:44,929 [Worker #1eca7036] Hangfire.Server.Worker - (null) - Background process 'Worker #1eca7036' started.
2017-05-27 15:36:44,930 [Worker #7d0cbdca] Hangfire.Server.Worker - (null) - Background process 'Worker #7d0cbdca' started.
2017-05-27 15:36:44,931 [Worker #cb26bc8e] Hangfire.Server.Worker - (null) - Background process 'Worker #cb26bc8e' started.
2017-05-27 15:36:44,933 [Worker #4524af60] Hangfire.Server.Worker - (null) - Background process 'Worker #4524af60' started.
2017-05-27 15:36:44,934 [Worker #8db43cb1] Hangfire.Server.Worker - (null) - Background process 'Worker #8db43cb1' started.
2017-05-27 15:36:44,935 [Worker #0550a5ef] Hangfire.Server.Worker - (null) - Background process 'Worker #0550a5ef' started.
2017-05-27 15:36:44,936 [DelayedJobScheduler] Hangfire.Server.DelayedJobScheduler - (null) - Background process 'DelayedJobScheduler' started.
2017-05-27 15:36:44,938 [RecurringJobScheduler] Hangfire.Server.RecurringJobScheduler - (null) - Background process 'RecurringJobScheduler' started.
2017-05-27 15:36:45,034 [Hangfire.SqlServer.ExpirationManager] Hangfire.SqlServer.ExpirationManager - (null) - Removing outdated records from table 'Job'...
2017-05-27 15:36:45,060 [ServerWatchdog] Hangfire.Server.ServerWatchdog - (null) - 1 servers were removed due to timeout
2017-05-27 15:36:45,123 [1] U.Logging.ULog4netLogger - (null) - Found 0 classes defines auto mapping attributes
2017-05-27 15:36:45,124 [1] U.Logging.ULog4netLogger - (null) - (^_^)(^_^)(^_^) UStarter startup completed.
2017-05-27 15:36:45,884 [Hangfire.SqlServer.ExpirationManager] Hangfire.SqlServer.ExpirationManager - (null) - Removing outdated records from table 'List'...
2017-05-27 15:36:45,976 [Hangfire.SqlServer.ExpirationManager] Hangfire.SqlServer.ExpirationManager - (null) - Removing outdated records from table 'Set'...
2017-05-27 15:36:46,069 [Hangfire.SqlServer.ExpirationManager] Hangfire.SqlServer.ExpirationManager - (null) - Removing outdated records from table 'Hash'...
2017-05-27 15:37:08,065 [1] U.Logging.ULog4netLogger - (null) - Loading UPrimes...
2017-05-27 15:37:08,566 [1] U.Logging.ULog4netLogger - (null) - Found 15 UPrimes in total.
2017-05-27 15:37:08,572 [1] U.Logging.ULog4netLogger - (null) - Loaded UPrime: UZeroSDK.Weixin.UZeroSDKWeixinUPrime, UZeroSDK.Weixin, Version=0.2.2.0, Culture=neutral, PublicKeyToken=null
2017-05-27 15:37:08,573 [1] U.Logging.ULog4netLogger - (null) - Loaded UPrime: UNote.Web.Infrastructure.UNoteUPrime, UNote.Web, Version=1.0.0.0, Culture=neutral, PublicKeyToken=null
2017-05-27 15:37:08,574 [1] U.Logging.ULog4netLogger - (null) - Loaded UPrime: UNote.EntityFramework.UNoteEntityFrameworkUPrime, UNote.EntityFramework, Version=1.0.0.0, Culture=neutral, PublicKeyToken=null
2017-05-27 15:37:08,575 [1] U.Logging.ULog4netLogger - (null) - Loaded UPrime: U.Hangfire.UHangfireUPrime, U.HangFire, Version=0.5.3.2, Culture=neutral, PublicKeyToken=null
2017-05-27 15:37:08,575 [1] U.Logging.ULog4netLogger - (null) - Loaded UPrime: U.ULeadershipUPrime, U, Version=0.5.3.2, Culture=neutral, PublicKeyToken=null
2017-05-27 15:37:08,576 [1] U.Logging.ULog4netLogger - (null) - Loaded UPrime: UNote.Configuration.UNoteConfigurationUPrime, UNote.Configuration, Version=1.0.0.0, Culture=neutral, PublicKeyToken=null
2017-05-27 15:37:08,576 [1] U.Logging.ULog4netLogger - (null) - Loaded UPrime: UNote.Services.UNoteServicesUPrime, UNote.Services, Version=1.0.0.0, Culture=neutral, PublicKeyToken=null
2017-05-27 15:37:08,577 [1] U.Logging.ULog4netLogger - (null) - Loaded UPrime: U.Web.UWebUPrime, U.Web, Version=0.5.3.2, Culture=neutral, PublicKeyToken=null
2017-05-27 15:37:08,578 [1] U.Logging.ULog4netLogger - (null) - Loaded UPrime: U.WebApi.UWebApiUPrime, U.Web.Api, Version=0.5.3.2, Culture=neutral, PublicKeyToken=null
2017-05-27 15:37:08,578 [1] U.Logging.ULog4netLogger - (null) - Loaded UPrime: U.FakeMvc.UFakeMvcUPrime, U.FakeMvc, Version=0.5.3.2, Culture=neutral, PublicKeyToken=null
2017-05-27 15:37:08,579 [1] U.Logging.ULog4netLogger - (null) - Loaded UPrime: UZeroMedia.UZeroMediaUPrime, UZeroMedia, Version=0.1.0.0, Culture=neutral, PublicKeyToken=null
2017-05-27 15:37:08,580 [1] U.Logging.ULog4netLogger - (null) - Loaded UPrime: U.EntityFramework.UEntityFrameworkUPrime, U.EntityFramework, Version=0.5.3.2, Culture=neutral, PublicKeyToken=null
2017-05-27 15:37:08,580 [1] U.Logging.ULog4netLogger - (null) - Loaded UPrime: U.AutoMapper.UAutoMapperUPrime, U.AutoMapper, Version=0.5.3.2, Culture=neutral, PublicKeyToken=null
2017-05-27 15:37:08,581 [1] U.Logging.ULog4netLogger - (null) - Loaded UPrime: UZeroMedia.Client.UZeroMediaClientUPrime, UZeroMedia.Client, Version=0.1.0.0, Culture=neutral, PublicKeyToken=null
2017-05-27 15:37:08,582 [1] U.Logging.ULog4netLogger - (null) - Loaded UPrime: UNote.UNoteCoreUPrime, UNote.Core, Version=1.0.0.0, Culture=neutral, PublicKeyToken=null
2017-05-27 15:37:08,585 [1] U.Logging.ULog4netLogger - (null) - 15 UPrime loaded.
2017-05-27 15:37:08,835 [1] Hangfire.SqlServer.SqlServerStorage - (null) - Start installing Hangfire SQL objects...
2017-05-27 15:37:09,012 [1] Hangfire.SqlServer.SqlServerStorage - (null) - Hangfire SQL objects installed.
2017-05-27 15:37:09,176 [1] U.Logging.ULog4netLogger - (null) - Start background worker£ºU.Hangfire.HangfireBackgroundJobManager
2017-05-27 15:37:09,183 [1] Hangfire.BackgroundJobServer - (null) - Starting Hangfire Server
2017-05-27 15:37:09,185 [1] Hangfire.BackgroundJobServer - (null) - Using job storage: 'SQL Server: 120.132.57.7,1444@UNote'.
2017-05-27 15:37:09,185 [1] Hangfire.BackgroundJobServer - (null) - Using the following options for SQL Server job storage:
2017-05-27 15:37:09,186 [1] Hangfire.BackgroundJobServer - (null) -     Queue poll interval: 00:00:15.
2017-05-27 15:37:09,186 [1] Hangfire.BackgroundJobServer - (null) - Using the following options for Hangfire Server:
2017-05-27 15:37:09,186 [1] Hangfire.BackgroundJobServer - (null) -     Worker count: 40.
2017-05-27 15:37:09,187 [1] Hangfire.BackgroundJobServer - (null) -     Listening queues: 'default'.
2017-05-27 15:37:09,188 [1] Hangfire.BackgroundJobServer - (null) -     Shutdown timeout: 00:00:15.
2017-05-27 15:37:09,188 [1] Hangfire.BackgroundJobServer - (null) -     Schedule polling interval: 00:00:15.
2017-05-27 15:37:09,195 [BackgroundProcessingServer] Hangfire.Server.BackgroundProcessingServer - (null) - Background process 'BackgroundProcessingServer' started.
2017-05-27 15:37:09,290 [ServerHeartbeat] Hangfire.Server.ServerHeartbeat - (null) - Background process 'ServerHeartbeat' started.
2017-05-27 15:37:09,290 [ServerWatchdog] Hangfire.Server.ServerWatchdog - (null) - Background process 'ServerWatchdog' started.
2017-05-27 15:37:09,293 [Hangfire.SqlServer.ExpirationManager] Hangfire.SqlServer.ExpirationManager - (null) - Background process 'Hangfire.SqlServer.ExpirationManager' started.
2017-05-27 15:37:09,293 [Hangfire.SqlServer.CountersAggregator] Hangfire.SqlServer.CountersAggregator - (null) - Background process 'Hangfire.SqlServer.CountersAggregator' started.
2017-05-27 15:37:09,295 [Hangfire.SqlServer.CountersAggregator] Hangfire.SqlServer.CountersAggregator - (null) - Aggregating records in 'Counter' table...
2017-05-27 15:37:09,295 [Hangfire.SqlServer.ExpirationManager] Hangfire.SqlServer.ExpirationManager - (null) - Removing outdated records from table 'AggregatedCounter'...
2017-05-27 15:37:09,296 [Worker #75c11e00] Hangfire.Server.Worker - (null) - Background process 'Worker #75c11e00' started.
2017-05-27 15:37:09,296 [Worker #10d0ce17] Hangfire.Server.Worker - (null) - Background process 'Worker #10d0ce17' started.
2017-05-27 15:37:09,301 [Worker #4190e1f4] Hangfire.Server.Worker - (null) - Background process 'Worker #4190e1f4' started.
2017-05-27 15:37:09,301 [Worker #447422f8] Hangfire.Server.Worker - (null) - Background process 'Worker #447422f8' started.
2017-05-27 15:37:09,303 [Worker #ab0fd4e2] Hangfire.Server.Worker - (null) - Background process 'Worker #ab0fd4e2' started.
2017-05-27 15:37:09,303 [Worker #caf3f440] Hangfire.Server.Worker - (null) - Background process 'Worker #caf3f440' started.
2017-05-27 15:37:09,303 [Worker #0dce7973] Hangfire.Server.Worker - (null) - Background process 'Worker #0dce7973' started.
2017-05-27 15:37:09,304 [Worker #03453ecf] Hangfire.Server.Worker - (null) - Background process 'Worker #03453ecf' started.
2017-05-27 15:37:09,305 [Worker #7df09a4f] Hangfire.Server.Worker - (null) - Background process 'Worker #7df09a4f' started.
2017-05-27 15:37:09,305 [Worker #1fdad371] Hangfire.Server.Worker - (null) - Background process 'Worker #1fdad371' started.
2017-05-27 15:37:09,306 [Worker #a8743ff9] Hangfire.Server.Worker - (null) - Background process 'Worker #a8743ff9' started.
2017-05-27 15:37:09,307 [Worker #0e8dd146] Hangfire.Server.Worker - (null) - Background process 'Worker #0e8dd146' started.
2017-05-27 15:37:09,307 [Worker #74049480] Hangfire.Server.Worker - (null) - Background process 'Worker #74049480' started.
2017-05-27 15:37:09,308 [Worker #0346d588] Hangfire.Server.Worker - (null) - Background process 'Worker #0346d588' started.
2017-05-27 15:37:09,309 [Worker #faaf024a] Hangfire.Server.Worker - (null) - Background process 'Worker #faaf024a' started.
2017-05-27 15:37:09,309 [Worker #8a2a544e] Hangfire.Server.Worker - (null) - Background process 'Worker #8a2a544e' started.
2017-05-27 15:37:09,310 [Worker #9be186b1] Hangfire.Server.Worker - (null) - Background process 'Worker #9be186b1' started.
2017-05-27 15:37:09,310 [Worker #5d00ff67] Hangfire.Server.Worker - (null) - Background process 'Worker #5d00ff67' started.
2017-05-27 15:37:09,311 [Worker #0d39580f] Hangfire.Server.Worker - (null) - Background process 'Worker #0d39580f' started.
2017-05-27 15:37:09,311 [Worker #27ab4e23] Hangfire.Server.Worker - (null) - Background process 'Worker #27ab4e23' started.
2017-05-27 15:37:09,312 [Worker #33cc59b6] Hangfire.Server.Worker - (null) - Background process 'Worker #33cc59b6' started.
2017-05-27 15:37:09,313 [Worker #5c181c66] Hangfire.Server.Worker - (null) - Background process 'Worker #5c181c66' started.
2017-05-27 15:37:09,314 [Worker #321c76dd] Hangfire.Server.Worker - (null) - Background process 'Worker #321c76dd' started.
2017-05-27 15:37:09,315 [Worker #c1867fe0] Hangfire.Server.Worker - (null) - Background process 'Worker #c1867fe0' started.
2017-05-27 15:37:09,316 [Worker #f1cb88db] Hangfire.Server.Worker - (null) - Background process 'Worker #f1cb88db' started.
2017-05-27 15:37:09,317 [Worker #c9e1be6f] Hangfire.Server.Worker - (null) - Background process 'Worker #c9e1be6f' started.
2017-05-27 15:37:09,317 [Worker #44ee2a43] Hangfire.Server.Worker - (null) - Background process 'Worker #44ee2a43' started.
2017-05-27 15:37:09,317 [Worker #f982502a] Hangfire.Server.Worker - (null) - Background process 'Worker #f982502a' started.
2017-05-27 15:37:09,318 [Worker #8edc1a74] Hangfire.Server.Worker - (null) - Background process 'Worker #8edc1a74' started.
2017-05-27 15:37:09,320 [Worker #9ee6cc40] Hangfire.Server.Worker - (null) - Background process 'Worker #9ee6cc40' started.
2017-05-27 15:37:09,320 [Worker #eeb61946] Hangfire.Server.Worker - (null) - Background process 'Worker #eeb61946' started.
2017-05-27 15:37:09,321 [Worker #c9f92da0] Hangfire.Server.Worker - (null) - Background process 'Worker #c9f92da0' started.
2017-05-27 15:37:09,321 [Worker #1cc27bbe] Hangfire.Server.Worker - (null) - Background process 'Worker #1cc27bbe' started.
2017-05-27 15:37:09,322 [Worker #f004842f] Hangfire.Server.Worker - (null) - Background process 'Worker #f004842f' started.
2017-05-27 15:37:09,324 [Worker #6606eebb] Hangfire.Server.Worker - (null) - Background process 'Worker #6606eebb' started.
2017-05-27 15:37:09,324 [Worker #ccdc246c] Hangfire.Server.Worker - (null) - Background process 'Worker #ccdc246c' started.
2017-05-27 15:37:09,325 [Worker #07396ded] Hangfire.Server.Worker - (null) - Background process 'Worker #07396ded' started.
2017-05-27 15:37:09,325 [Worker #2c878204] Hangfire.Server.Worker - (null) - Background process 'Worker #2c878204' started.
2017-05-27 15:37:09,326 [Worker #4878a4f2] Hangfire.Server.Worker - (null) - Background process 'Worker #4878a4f2' started.
2017-05-27 15:37:09,326 [Worker #067dd6be] Hangfire.Server.Worker - (null) - Background process 'Worker #067dd6be' started.
2017-05-27 15:37:09,327 [DelayedJobScheduler] Hangfire.Server.DelayedJobScheduler - (null) - Background process 'DelayedJobScheduler' started.
2017-05-27 15:37:09,327 [RecurringJobScheduler] Hangfire.Server.RecurringJobScheduler - (null) - Background process 'RecurringJobScheduler' started.
2017-05-27 15:37:09,455 [Hangfire.SqlServer.ExpirationManager] Hangfire.SqlServer.ExpirationManager - (null) - Removing outdated records from table 'Job'...
2017-05-27 15:37:09,582 [1] U.Logging.ULog4netLogger - (null) - Found 0 classes defines auto mapping attributes
2017-05-27 15:37:09,583 [1] U.Logging.ULog4netLogger - (null) - (^_^)(^_^)(^_^) UStarter startup completed.
2017-05-27 15:37:10,272 [Hangfire.SqlServer.ExpirationManager] Hangfire.SqlServer.ExpirationManager - (null) - Removing outdated records from table 'List'...
2017-05-27 15:37:10,370 [Hangfire.SqlServer.ExpirationManager] Hangfire.SqlServer.ExpirationManager - (null) - Removing outdated records from table 'Set'...
2017-05-27 15:37:10,458 [Hangfire.SqlServer.ExpirationManager] Hangfire.SqlServer.ExpirationManager - (null) - Removing outdated records from table 'Hash'...
2017-05-27 15:42:09,356 [Hangfire.SqlServer.CountersAggregator] Hangfire.SqlServer.CountersAggregator - (null) - Aggregating records in 'Counter' table...
2017-05-27 15:47:09,390 [Hangfire.SqlServer.CountersAggregator] Hangfire.SqlServer.CountersAggregator - (null) - Aggregating records in 'Counter' table...
2017-05-27 15:52:09,428 [Hangfire.SqlServer.CountersAggregator] Hangfire.SqlServer.CountersAggregator - (null) - Aggregating records in 'Counter' table...
2017-05-27 15:57:09,463 [Hangfire.SqlServer.CountersAggregator] Hangfire.SqlServer.CountersAggregator - (null) - Aggregating records in 'Counter' table...
2017-05-27 16:02:09,500 [Hangfire.SqlServer.CountersAggregator] Hangfire.SqlServer.CountersAggregator - (null) - Aggregating records in 'Counter' table...
2017-05-27 16:07:09,534 [Hangfire.SqlServer.CountersAggregator] Hangfire.SqlServer.CountersAggregator - (null) - Aggregating records in 'Counter' table...
2017-05-27 16:12:09,569 [Hangfire.SqlServer.CountersAggregator] Hangfire.SqlServer.CountersAggregator - (null) - Aggregating records in 'Counter' table...
2017-05-27 16:17:09,604 [Hangfire.SqlServer.CountersAggregator] Hangfire.SqlServer.CountersAggregator - (null) - Aggregating records in 'Counter' table...
2017-05-27 16:22:09,638 [Hangfire.SqlServer.CountersAggregator] Hangfire.SqlServer.CountersAggregator - (null) - Aggregating records in 'Counter' table...
2017-05-27 16:27:09,673 [Hangfire.SqlServer.CountersAggregator] Hangfire.SqlServer.CountersAggregator - (null) - Aggregating records in 'Counter' table...
2017-05-27 16:32:09,707 [Hangfire.SqlServer.CountersAggregator] Hangfire.SqlServer.CountersAggregator - (null) - Aggregating records in 'Counter' table...
