2017-10-25 09:53:21,324 [1] U.Logging.ULog4netLogger - (null) - Loading UPrimes...
2017-10-25 09:53:21,801 [1] U.Logging.ULog4netLogger - (null) - Found 15 UPrimes in total.
2017-10-25 09:53:21,807 [1] U.Logging.ULog4netLogger - (null) - Loaded UPrime: UNote.Configuration.UNoteConfigurationUPrime, UNote.Configuration, Version=1.0.0.0, Culture=neutral, PublicKeyToken=null
2017-10-25 09:53:21,808 [1] U.Logging.ULog4netLogger - (null) - Loaded UPrime: U.AutoMapper.UAutoMapperUPrime, U.AutoMapper, Version=0.5.3.2, Culture=neutral, PublicKeyToken=null
2017-10-25 09:53:21,809 [1] U.Logging.ULog4netLogger - (null) - Loaded UPrime: U.EntityFramework.UEntityFrameworkUPrime, U.EntityFramework, Version=0.5.3.2, Culture=neutral, PublicKeyToken=null
2017-10-25 09:53:21,810 [1] U.Logging.ULog4netLogger - (null) - Loaded UPrime: UNote.Services.UNoteServicesUPrime, UNote.Services, Version=1.0.0.0, Culture=neutral, PublicKeyToken=null
2017-10-25 09:53:21,810 [1] U.Logging.ULog4netLogger - (null) - Loaded UPrime: U.FakeMvc.UFakeMvcUPrime, U.FakeMvc, Version=0.5.3.2, Culture=neutral, PublicKeyToken=null
2017-10-25 09:53:21,811 [1] U.Logging.ULog4netLogger - (null) - Loaded UPrime: U.WebApi.UWebApiUPrime, U.Web.Api, Version=0.5.3.2, Culture=neutral, PublicKeyToken=null
2017-10-25 09:53:21,811 [1] U.Logging.ULog4netLogger - (null) - Loaded UPrime: UZeroSDK.Weixin.UZeroSDKWeixinUPrime, UZeroSDK.Weixin, Version=0.2.2.0, Culture=neutral, PublicKeyToken=null
2017-10-25 09:53:21,812 [1] U.Logging.ULog4netLogger - (null) - Loaded UPrime: U.Hangfire.UHangfireUPrime, U.HangFire, Version=0.5.3.2, Culture=neutral, PublicKeyToken=null
2017-10-25 09:53:21,812 [1] U.Logging.ULog4netLogger - (null) - Loaded UPrime: UNote.EntityFramework.UNoteEntityFrameworkUPrime, UNote.EntityFramework, Version=1.0.0.0, Culture=neutral, PublicKeyToken=null
2017-10-25 09:53:21,812 [1] U.Logging.ULog4netLogger - (null) - Loaded UPrime: U.Web.UWebUPrime, U.Web, Version=0.5.3.2, Culture=neutral, PublicKeyToken=null
2017-10-25 09:53:21,813 [1] U.Logging.ULog4netLogger - (null) - Loaded UPrime: U.ULeadershipUPrime, U, Version=0.5.3.2, Culture=neutral, PublicKeyToken=null
2017-10-25 09:53:21,813 [1] U.Logging.ULog4netLogger - (null) - Loaded UPrime: UZeroMedia.UZeroMediaUPrime, UZeroMedia, Version=0.1.0.0, Culture=neutral, PublicKeyToken=null
2017-10-25 09:53:21,814 [1] U.Logging.ULog4netLogger - (null) - Loaded UPrime: UNote.Web.Infrastructure.UNoteUPrime, UNote.Web, Version=1.0.0.0, Culture=neutral, PublicKeyToken=null
2017-10-25 09:53:21,814 [1] U.Logging.ULog4netLogger - (null) - Loaded UPrime: UNote.UNoteCoreUPrime, UNote.Core, Version=1.0.0.0, Culture=neutral, PublicKeyToken=null
2017-10-25 09:53:21,815 [1] U.Logging.ULog4netLogger - (null) - Loaded UPrime: UZeroMedia.Client.UZeroMediaClientUPrime, UZeroMedia.Client, Version=0.1.0.0, Culture=neutral, PublicKeyToken=null
2017-10-25 09:53:21,818 [1] U.Logging.ULog4netLogger - (null) - 15 UPrime loaded.
2017-10-25 09:53:22,102 [1] Hangfire.SqlServer.SqlServerStorage - (null) - Start installing Hangfire SQL objects...
2017-10-25 09:53:22,338 [1] Hangfire.SqlServer.SqlServerStorage - (null) - Hangfire SQL objects installed.
2017-10-25 09:53:22,562 [1] U.Logging.ULog4netLogger - (null) - Start background worker£ºU.Hangfire.HangfireBackgroundJobManager
2017-10-25 09:53:22,571 [1] Hangfire.BackgroundJobServer - (null) - Starting Hangfire Server
2017-10-25 09:53:22,573 [1] Hangfire.BackgroundJobServer - (null) - Using job storage: 'SQL Server: 120.132.57.7,1444@UNote'.
2017-10-25 09:53:22,574 [1] Hangfire.BackgroundJobServer - (null) - Using the following options for SQL Server job storage:
2017-10-25 09:53:22,574 [1] Hangfire.BackgroundJobServer - (null) -     Queue poll interval: 00:00:15.
2017-10-25 09:53:22,574 [1] Hangfire.BackgroundJobServer - (null) - Using the following options for Hangfire Server:
2017-10-25 09:53:22,575 [1] Hangfire.BackgroundJobServer - (null) -     Worker count: 40.
2017-10-25 09:53:22,575 [1] Hangfire.BackgroundJobServer - (null) -     Listening queues: 'default'.
2017-10-25 09:53:22,575 [1] Hangfire.BackgroundJobServer - (null) -     Shutdown timeout: 00:00:15.
2017-10-25 09:53:22,575 [1] Hangfire.BackgroundJobServer - (null) -     Schedule polling interval: 00:00:15.
2017-10-25 09:53:22,582 [BackgroundProcessingServer] Hangfire.Server.BackgroundProcessingServer - (null) - Background process 'BackgroundProcessingServer' started.
2017-10-25 09:53:22,669 [ServerHeartbeat] Hangfire.Server.ServerHeartbeat - (null) - Background process 'ServerHeartbeat' started.
2017-10-25 09:53:22,677 [ServerWatchdog] Hangfire.Server.ServerWatchdog - (null) - Background process 'ServerWatchdog' started.
2017-10-25 09:53:22,678 [Hangfire.SqlServer.ExpirationManager] Hangfire.SqlServer.ExpirationManager - (null) - Background process 'Hangfire.SqlServer.ExpirationManager' started.
2017-10-25 09:53:22,679 [Hangfire.SqlServer.CountersAggregator] Hangfire.SqlServer.CountersAggregator - (null) - Background process 'Hangfire.SqlServer.CountersAggregator' started.
2017-10-25 09:53:22,680 [Hangfire.SqlServer.ExpirationManager] Hangfire.SqlServer.ExpirationManager - (null) - Removing outdated records from table 'AggregatedCounter'...
2017-10-25 09:53:22,680 [Hangfire.SqlServer.CountersAggregator] Hangfire.SqlServer.CountersAggregator - (null) - Aggregating records in 'Counter' table...
2017-10-25 09:53:22,681 [Worker #0d56f572] Hangfire.Server.Worker - (null) - Background process 'Worker #0d56f572' started.
2017-10-25 09:53:22,684 [Worker #09c4d339] Hangfire.Server.Worker - (null) - Background process 'Worker #09c4d339' started.
2017-10-25 09:53:22,685 [Worker #642a8d36] Hangfire.Server.Worker - (null) - Background process 'Worker #642a8d36' started.
2017-10-25 09:53:22,685 [Worker #2297107c] Hangfire.Server.Worker - (null) - Background process 'Worker #2297107c' started.
2017-10-25 09:53:22,686 [Worker #c37e400b] Hangfire.Server.Worker - (null) - Background process 'Worker #c37e400b' started.
2017-10-25 09:53:22,686 [Worker #ed575bd5] Hangfire.Server.Worker - (null) - Background process 'Worker #ed575bd5' started.
2017-10-25 09:53:22,687 [Worker #21b2d251] Hangfire.Server.Worker - (null) - Background process 'Worker #21b2d251' started.
2017-10-25 09:53:22,688 [Worker #89799664] Hangfire.Server.Worker - (null) - Background process 'Worker #89799664' started.
2017-10-25 09:53:22,688 [Worker #3af9d028] Hangfire.Server.Worker - (null) - Background process 'Worker #3af9d028' started.
2017-10-25 09:53:22,689 [Worker #db4227b2] Hangfire.Server.Worker - (null) - Background process 'Worker #db4227b2' started.
2017-10-25 09:53:22,689 [Worker #bbadeb39] Hangfire.Server.Worker - (null) - Background process 'Worker #bbadeb39' started.
2017-10-25 09:53:22,690 [Worker #209490bb] Hangfire.Server.Worker - (null) - Background process 'Worker #209490bb' started.
2017-10-25 09:53:22,691 [Worker #87f5bc79] Hangfire.Server.Worker - (null) - Background process 'Worker #87f5bc79' started.
2017-10-25 09:53:22,692 [Worker #a7ed1768] Hangfire.Server.Worker - (null) - Background process 'Worker #a7ed1768' started.
2017-10-25 09:53:22,692 [Worker #7cbf175d] Hangfire.Server.Worker - (null) - Background process 'Worker #7cbf175d' started.
2017-10-25 09:53:22,693 [Worker #02392eaa] Hangfire.Server.Worker - (null) - Background process 'Worker #02392eaa' started.
2017-10-25 09:53:22,694 [Worker #bb12023a] Hangfire.Server.Worker - (null) - Background process 'Worker #bb12023a' started.
2017-10-25 09:53:22,694 [Worker #6a5d194c] Hangfire.Server.Worker - (null) - Background process 'Worker #6a5d194c' started.
2017-10-25 09:53:22,695 [Worker #24facb4a] Hangfire.Server.Worker - (null) - Background process 'Worker #24facb4a' started.
2017-10-25 09:53:22,695 [Worker #ac02aa81] Hangfire.Server.Worker - (null) - Background process 'Worker #ac02aa81' started.
2017-10-25 09:53:22,696 [Worker #dc6f0dda] Hangfire.Server.Worker - (null) - Background process 'Worker #dc6f0dda' started.
2017-10-25 09:53:22,697 [Worker #1d60c4dc] Hangfire.Server.Worker - (null) - Background process 'Worker #1d60c4dc' started.
2017-10-25 09:53:22,697 [Worker #62b4ce49] Hangfire.Server.Worker - (null) - Background process 'Worker #62b4ce49' started.
2017-10-25 09:53:22,698 [Worker #37c8653a] Hangfire.Server.Worker - (null) - Background process 'Worker #37c8653a' started.
2017-10-25 09:53:22,699 [Worker #a445b9f9] Hangfire.Server.Worker - (null) - Background process 'Worker #a445b9f9' started.
2017-10-25 09:53:22,699 [Worker #5bb4a35d] Hangfire.Server.Worker - (null) - Background process 'Worker #5bb4a35d' started.
2017-10-25 09:53:22,699 [Worker #cc3c1446] Hangfire.Server.Worker - (null) - Background process 'Worker #cc3c1446' started.
2017-10-25 09:53:22,700 [Worker #051750f4] Hangfire.Server.Worker - (null) - Background process 'Worker #051750f4' started.
2017-10-25 09:53:22,701 [Worker #222c499c] Hangfire.Server.Worker - (null) - Background process 'Worker #222c499c' started.
2017-10-25 09:53:22,701 [Worker #24d8880b] Hangfire.Server.Worker - (null) - Background process 'Worker #24d8880b' started.
2017-10-25 09:53:22,702 [Worker #f5e05e82] Hangfire.Server.Worker - (null) - Background process 'Worker #f5e05e82' started.
2017-10-25 09:53:22,702 [Worker #ad537d25] Hangfire.Server.Worker - (null) - Background process 'Worker #ad537d25' started.
2017-10-25 09:53:22,703 [Worker #06637645] Hangfire.Server.Worker - (null) - Background process 'Worker #06637645' started.
2017-10-25 09:53:22,703 [Worker #068ea0ac] Hangfire.Server.Worker - (null) - Background process 'Worker #068ea0ac' started.
2017-10-25 09:53:22,704 [Worker #e1e71936] Hangfire.Server.Worker - (null) - Background process 'Worker #e1e71936' started.
2017-10-25 09:53:22,704 [Worker #24b9bbc3] Hangfire.Server.Worker - (null) - Background process 'Worker #24b9bbc3' started.
2017-10-25 09:53:22,705 [Worker #d18d6631] Hangfire.Server.Worker - (null) - Background process 'Worker #d18d6631' started.
2017-10-25 09:53:22,706 [Worker #2f84c032] Hangfire.Server.Worker - (null) - Background process 'Worker #2f84c032' started.
2017-10-25 09:53:22,707 [Worker #a4e48c45] Hangfire.Server.Worker - (null) - Background process 'Worker #a4e48c45' started.
2017-10-25 09:53:22,708 [Worker #a8e5e771] Hangfire.Server.Worker - (null) - Background process 'Worker #a8e5e771' started.
2017-10-25 09:53:22,709 [DelayedJobScheduler] Hangfire.Server.DelayedJobScheduler - (null) - Background process 'DelayedJobScheduler' started.
2017-10-25 09:53:22,710 [RecurringJobScheduler] Hangfire.Server.RecurringJobScheduler - (null) - Background process 'RecurringJobScheduler' started.
2017-10-25 09:53:22,817 [Hangfire.SqlServer.ExpirationManager] Hangfire.SqlServer.ExpirationManager - (null) - Removing outdated records from table 'Job'...
2017-10-25 09:53:22,832 [ServerWatchdog] Hangfire.Server.ServerWatchdog - (null) - 1 servers were removed due to timeout
2017-10-25 09:53:22,890 [1] U.Logging.ULog4netLogger - (null) - Found 0 classes defines auto mapping attributes
2017-10-25 09:53:22,891 [1] U.Logging.ULog4netLogger - (null) - (^_^)(^_^)(^_^) UStarter startup completed.
2017-10-25 09:53:23,795 [Hangfire.SqlServer.ExpirationManager] Hangfire.SqlServer.ExpirationManager - (null) - Removing outdated records from table 'List'...
2017-10-25 09:53:23,890 [Hangfire.SqlServer.ExpirationManager] Hangfire.SqlServer.ExpirationManager - (null) - Removing outdated records from table 'Set'...
2017-10-25 09:53:23,985 [Hangfire.SqlServer.ExpirationManager] Hangfire.SqlServer.ExpirationManager - (null) - Removing outdated records from table 'Hash'...
2017-10-25 09:58:22,966 [Hangfire.SqlServer.CountersAggregator] Hangfire.SqlServer.CountersAggregator - (null) - Aggregating records in 'Counter' table...
2017-10-25 10:03:23,003 [Hangfire.SqlServer.CountersAggregator] Hangfire.SqlServer.CountersAggregator - (null) - Aggregating records in 'Counter' table...
2017-10-25 10:08:23,038 [Hangfire.SqlServer.CountersAggregator] Hangfire.SqlServer.CountersAggregator - (null) - Aggregating records in 'Counter' table...
2017-10-25 10:13:23,071 [Hangfire.SqlServer.CountersAggregator] Hangfire.SqlServer.CountersAggregator - (null) - Aggregating records in 'Counter' table...
2017-10-25 10:18:23,108 [Hangfire.SqlServer.CountersAggregator] Hangfire.SqlServer.CountersAggregator - (null) - Aggregating records in 'Counter' table...
2017-10-25 10:23:23,145 [Hangfire.SqlServer.CountersAggregator] Hangfire.SqlServer.CountersAggregator - (null) - Aggregating records in 'Counter' table...
2017-10-25 10:28:23,179 [Hangfire.SqlServer.CountersAggregator] Hangfire.SqlServer.CountersAggregator - (null) - Aggregating records in 'Counter' table...
2017-10-25 10:33:23,218 [Hangfire.SqlServer.CountersAggregator] Hangfire.SqlServer.CountersAggregator - (null) - Aggregating records in 'Counter' table...
2017-10-25 10:38:23,251 [Hangfire.SqlServer.CountersAggregator] Hangfire.SqlServer.CountersAggregator - (null) - Aggregating records in 'Counter' table...
2017-10-25 10:43:23,286 [Hangfire.SqlServer.CountersAggregator] Hangfire.SqlServer.CountersAggregator - (null) - Aggregating records in 'Counter' table...
2017-10-25 10:48:23,321 [Hangfire.SqlServer.CountersAggregator] Hangfire.SqlServer.CountersAggregator - (null) - Aggregating records in 'Counter' table...
2017-10-25 10:53:23,355 [Hangfire.SqlServer.CountersAggregator] Hangfire.SqlServer.CountersAggregator - (null) - Aggregating records in 'Counter' table...
2017-10-25 10:53:24,082 [Hangfire.SqlServer.ExpirationManager] Hangfire.SqlServer.ExpirationManager - (null) - Removing outdated records from table 'AggregatedCounter'...
2017-10-25 10:53:24,176 [Hangfire.SqlServer.ExpirationManager] Hangfire.SqlServer.ExpirationManager - (null) - Removing outdated records from table 'Job'...
2017-10-25 10:53:24,270 [Hangfire.SqlServer.ExpirationManager] Hangfire.SqlServer.ExpirationManager - (null) - Removing outdated records from table 'List'...
2017-10-25 10:53:24,363 [Hangfire.SqlServer.ExpirationManager] Hangfire.SqlServer.ExpirationManager - (null) - Removing outdated records from table 'Set'...
2017-10-25 10:53:24,495 [Hangfire.SqlServer.ExpirationManager] Hangfire.SqlServer.ExpirationManager - (null) - Removing outdated records from table 'Hash'...
2017-10-25 10:58:23,389 [Hangfire.SqlServer.CountersAggregator] Hangfire.SqlServer.CountersAggregator - (null) - Aggregating records in 'Counter' table...
2017-10-25 11:03:23,422 [Hangfire.SqlServer.CountersAggregator] Hangfire.SqlServer.CountersAggregator - (null) - Aggregating records in 'Counter' table...
2017-10-25 11:08:23,456 [Hangfire.SqlServer.CountersAggregator] Hangfire.SqlServer.CountersAggregator - (null) - Aggregating records in 'Counter' table...
2017-10-25 11:13:23,490 [Hangfire.SqlServer.CountersAggregator] Hangfire.SqlServer.CountersAggregator - (null) - Aggregating records in 'Counter' table...
2017-10-25 11:18:23,530 [Hangfire.SqlServer.CountersAggregator] Hangfire.SqlServer.CountersAggregator - (null) - Aggregating records in 'Counter' table...
2017-10-25 11:23:23,564 [Hangfire.SqlServer.CountersAggregator] Hangfire.SqlServer.CountersAggregator - (null) - Aggregating records in 'Counter' table...
2017-10-25 11:28:23,599 [Hangfire.SqlServer.CountersAggregator] Hangfire.SqlServer.CountersAggregator - (null) - Aggregating records in 'Counter' table...
2017-10-25 11:33:23,633 [Hangfire.SqlServer.CountersAggregator] Hangfire.SqlServer.CountersAggregator - (null) - Aggregating records in 'Counter' table...
2017-10-25 11:38:23,666 [Hangfire.SqlServer.CountersAggregator] Hangfire.SqlServer.CountersAggregator - (null) - Aggregating records in 'Counter' table...
2017-10-25 11:43:23,703 [Hangfire.SqlServer.CountersAggregator] Hangfire.SqlServer.CountersAggregator - (null) - Aggregating records in 'Counter' table...
2017-10-25 11:48:23,744 [Hangfire.SqlServer.CountersAggregator] Hangfire.SqlServer.CountersAggregator - (null) - Aggregating records in 'Counter' table...
